<?xml version="1.0" encoding="UTF-8"?>
<testsuite xmlns:xsi="http://www.w3.org/2001/XMLSchema-instance" xsi:noNamespaceSchemaLocation="https://maven.apache.org/surefire/maven-surefire-plugin/xsd/surefire-test-report-3.0.xsd" version="3.0" name="com.solar.system.AppTest" time="0.024" tests="1" errors="0" skipped="0" failures="0">
  <properties>
    <property name="java.specification.version" value="23"/>
    <property name="sun.jnu.encoding" value="UTF-8"/>
    <property name="java.class.path" value="/home/whiterabbit/CodingStuff/Javain/solarsys/solar-system/target/test-classes:/home/whiterabbit/CodingStuff/Javain/solarsys/solar-system/target/classes:/home/whiterabbit/.m2/repository/junit/junit/3.8.1/junit-3.8.1.jar:/home/whiterabbit/.m2/repository/org/openjfx/javafx-controls/17/javafx-controls-17.jar:/home/whiterabbit/.m2/repository/org/openjfx/javafx-controls/17/javafx-controls-17-linux.jar:/home/whiterabbit/.m2/repository/org/openjfx/javafx-fxml/17/javafx-fxml-17.jar:/home/whiterabbit/.m2/repository/org/openjfx/javafx-fxml/17/javafx-fxml-17-linux.jar:/home/whiterabbit/.m2/repository/org/openjfx/javafx-graphics/17/javafx-graphics-17.jar:/home/whiterabbit/.m2/repository/org/openjfx/javafx-graphics/17/javafx-graphics-17-linux.jar:/home/whiterabbit/.m2/repository/org/openjfx/javafx-base/17/javafx-base-17.jar:/home/whiterabbit/.m2/repository/org/openjfx/javafx-base/17/javafx-base-17-linux.jar:"/>
    <property name="java.vm.vendor" value="Arch Linux"/>
    <property name="sun.arch.data.model" value="64"/>
    <property name="java.vendor.url" value="https://openjdk.org/"/>
    <property name="os.name" value="Linux"/>
    <property name="java.vm.specification.version" value="23"/>
    <property name="sun.java.launcher" value="SUN_STANDARD"/>
    <property name="user.country" value="US"/>
    <property name="sun.boot.library.path" value="/usr/lib/jvm/java-23-openjdk/lib"/>
    <property name="sun.java.command" value="/home/whiterabbit/CodingStuff/Javain/solarsys/solar-system/target/surefire/surefirebooter-20241112194744997_3.jar /home/whiterabbit/CodingStuff/Javain/solarsys/solar-system/target/surefire 2024-11-12T19-47-44_944-jvmRun1 surefire-20241112194744997_1tmp surefire_0-20241112194744997_2tmp"/>
    <property name="jdk.debug" value="release"/>
    <property name="surefire.test.class.path" value="/home/whiterabbit/CodingStuff/Javain/solarsys/solar-system/target/test-classes:/home/whiterabbit/CodingStuff/Javain/solarsys/solar-system/target/classes:/home/whiterabbit/.m2/repository/junit/junit/3.8.1/junit-3.8.1.jar:/home/whiterabbit/.m2/repository/org/openjfx/javafx-controls/17/javafx-controls-17.jar:/home/whiterabbit/.m2/repository/org/openjfx/javafx-controls/17/javafx-controls-17-linux.jar:/home/whiterabbit/.m2/repository/org/openjfx/javafx-fxml/17/javafx-fxml-17.jar:/home/whiterabbit/.m2/repository/org/openjfx/javafx-fxml/17/javafx-fxml-17-linux.jar:/home/whiterabbit/.m2/repository/org/openjfx/javafx-graphics/17/javafx-graphics-17.jar:/home/whiterabbit/.m2/repository/org/openjfx/javafx-graphics/17/javafx-graphics-17-linux.jar:/home/whiterabbit/.m2/repository/org/openjfx/javafx-base/17/javafx-base-17.jar:/home/whiterabbit/.m2/repository/org/openjfx/javafx-base/17/javafx-base-17-linux.jar:"/>
    <property name="sun.cpu.endian" value="little"/>
    <property name="user.home" value="/home/whiterabbit"/>
    <property name="user.language" value="en"/>
    <property name="java.specification.vendor" value="Oracle Corporation"/>
    <property name="java.version.date" value="2024-09-17"/>
    <property name="java.home" value="/usr/lib/jvm/java-23-openjdk"/>
    <property name="file.separator" value="/"/>
    <property name="basedir" value="/home/whiterabbit/CodingStuff/Javain/solarsys/solar-system"/>
    <property name="java.vm.compressedOopsMode" value="32-bit"/>
    <property name="line.separator" value="&#10;"/>
    <property name="java.specification.name" value="Java Platform API Specification"/>
    <property name="java.vm.specification.vendor" value="Oracle Corporation"/>
    <property name="surefire.real.class.path" value="/home/whiterabbit/CodingStuff/Javain/solarsys/solar-system/target/surefire/surefirebooter-20241112194744997_3.jar"/>
    <property name="sun.management.compiler" value="HotSpot 64-Bit Tiered Compilers"/>
    <property name="java.runtime.version" value="23"/>
    <property name="user.name" value="whiterabbit"/>
    <property name="stdout.encoding" value="UTF-8"/>
    <property name="path.separator" value=":"/>
    <property name="os.version" value="6.11.6-arch1-1"/>
    <property name="java.runtime.name" value="OpenJDK Runtime Environment"/>
    <property name="file.encoding" value="UTF-8"/>
    <property name="java.vm.name" value="OpenJDK 64-Bit Server VM"/>
    <property name="localRepository" value="/home/whiterabbit/.m2/repository"/>
    <property name="java.vendor.url.bug" value="https://bugreport.java.com/bugreport/"/>
    <property name="java.io.tmpdir" value="/tmp"/>
    <property name="java.version" value="23"/>
    <property name="user.dir" value="/home/whiterabbit/CodingStuff/Javain/solarsys/solar-system"/>
    <property name="os.arch" value="amd64"/>
    <property name="java.vm.specification.name" value="Java Virtual Machine Specification"/>
    <property name="native.encoding" value="UTF-8"/>
    <property name="java.library.path" value="/usr/java/packages/lib:/usr/lib64:/lib64:/lib:/usr/lib"/>
    <property name="java.vm.info" value="mixed mode, sharing"/>
    <property name="stderr.encoding" value="UTF-8"/>
    <property name="java.vendor" value="Arch Linux"/>
    <property name="java.vm.version" value="23"/>
    <property name="sun.io.unicode.encoding" value="UnicodeLittle"/>
    <property name="java.class.version" value="67.0"/>
  </properties>
  <testcase name="testApp" classname="com.solar.system.AppTest" time="0.004"/>
</testsuite>